<?xml version="1.0" encoding="UTF-8"?>
<testng-results ignored="0" total="1" passed="1" failed="0" skipped="0">
  <reporter-output>
  </reporter-output>
  <suite started-at="2022-06-30T00:29:57 IST" name="Default suite" finished-at="2022-06-30T00:30:02 IST" duration-ms="5275">
    <groups>
    </groups>
    <test started-at="2022-06-30T00:29:57 IST" name="Default test" finished-at="2022-06-30T00:30:02 IST" duration-ms="5275">
      <class name="alphaTests.VerifyElement">
        <test-method signature="identifyTest()[pri:0, instance:alphaTests.VerifyElement@49c386c8]" started-at="2022-06-30T00:29:57 IST" name="identifyTest" finished-at="2022-06-30T00:30:02 IST" duration-ms="5186" status="PASS">
          <reporter-output>
          </reporter-output>
        </test-method> <!-- identifyTest -->
      </class> <!-- alphaTests.VerifyElement -->
    </test> <!-- Default test -->
  </suite> <!-- Default suite -->
</testng-results>
